-------------------------------------------------------------------------------
Test set: com.cohortmgmt.integration.CohortControllerIntegrationTest
-------------------------------------------------------------------------------
Tests run: 8, Failures: 0, Errors: 8, Skipped: 0, Time elapsed: 132.071 s <<< FAILURE! - in com.cohortmgmt.integration.CohortControllerIntegrationTest
testIsCustomerInCohortType_MissingParameter  Time elapsed: 18.214 s  <<< ERROR!
java.lang.RuntimeException: Error saving customer
	at com.cohortmgmt.integration.CohortControllerIntegrationTest.setup(CohortControllerIntegrationTest.java:53)
Caused by: com.amazonaws.SdkClientException: Unable to execute HTTP request: Connect to localhost:4566 [localhost/127.0.0.1, localhost/0:0:0:0:0:0:0:1] failed: Connection refused
	at com.cohortmgmt.integration.CohortControllerIntegrationTest.setup(CohortControllerIntegrationTest.java:53)
Caused by: org.apache.http.conn.HttpHostConnectException: Connect to localhost:4566 [localhost/127.0.0.1, localhost/0:0:0:0:0:0:0:1] failed: Connection refused
	at com.cohortmgmt.integration.CohortControllerIntegrationTest.setup(CohortControllerIntegrationTest.java:53)
Caused by: java.net.ConnectException: Connection refused
	at com.cohortmgmt.integration.CohortControllerIntegrationTest.setup(CohortControllerIntegrationTest.java:53)

testIsCustomerInCohortType_InvalidCustomerId  Time elapsed: 10.913 s  <<< ERROR!
java.lang.RuntimeException: Error saving customer
	at com.cohortmgmt.integration.CohortControllerIntegrationTest.setup(CohortControllerIntegrationTest.java:53)
Caused by: com.amazonaws.SdkClientException: Unable to execute HTTP request: Connect to localhost:4566 [localhost/127.0.0.1, localhost/0:0:0:0:0:0:0:1] failed: Connection refused
	at com.cohortmgmt.integration.CohortControllerIntegrationTest.setup(CohortControllerIntegrationTest.java:53)
Caused by: org.apache.http.conn.HttpHostConnectException: Connect to localhost:4566 [localhost/127.0.0.1, localhost/0:0:0:0:0:0:0:1] failed: Connection refused
	at com.cohortmgmt.integration.CohortControllerIntegrationTest.setup(CohortControllerIntegrationTest.java:53)
Caused by: java.net.ConnectException: Connection refused
	at com.cohortmgmt.integration.CohortControllerIntegrationTest.setup(CohortControllerIntegrationTest.java:53)

testIsCustomerInCohortType_True  Time elapsed: 14.375 s  <<< ERROR!
java.lang.RuntimeException: Error saving customer
	at com.cohortmgmt.integration.CohortControllerIntegrationTest.setup(CohortControllerIntegrationTest.java:53)
Caused by: com.amazonaws.SdkClientException: Unable to execute HTTP request: Connect to localhost:4566 [localhost/127.0.0.1, localhost/0:0:0:0:0:0:0:1] failed: Connection refused
	at com.cohortmgmt.integration.CohortControllerIntegrationTest.setup(CohortControllerIntegrationTest.java:53)
Caused by: org.apache.http.conn.HttpHostConnectException: Connect to localhost:4566 [localhost/127.0.0.1, localhost/0:0:0:0:0:0:0:1] failed: Connection refused
	at com.cohortmgmt.integration.CohortControllerIntegrationTest.setup(CohortControllerIntegrationTest.java:53)
Caused by: java.net.ConnectException: Connection refused
	at com.cohortmgmt.integration.CohortControllerIntegrationTest.setup(CohortControllerIntegrationTest.java:53)

testGetCustomerCohortTypes_Empty  Time elapsed: 12.738 s  <<< ERROR!
java.lang.RuntimeException: Error saving customer
	at com.cohortmgmt.integration.CohortControllerIntegrationTest.setup(CohortControllerIntegrationTest.java:53)
Caused by: com.amazonaws.SdkClientException: Unable to execute HTTP request: Connect to localhost:4566 [localhost/127.0.0.1, localhost/0:0:0:0:0:0:0:1] failed: Connection refused
	at com.cohortmgmt.integration.CohortControllerIntegrationTest.setup(CohortControllerIntegrationTest.java:53)
Caused by: org.apache.http.conn.HttpHostConnectException: Connect to localhost:4566 [localhost/127.0.0.1, localhost/0:0:0:0:0:0:0:1] failed: Connection refused
	at com.cohortmgmt.integration.CohortControllerIntegrationTest.setup(CohortControllerIntegrationTest.java:53)
Caused by: java.net.ConnectException: Connection refused
	at com.cohortmgmt.integration.CohortControllerIntegrationTest.setup(CohortControllerIntegrationTest.java:53)

testIsCustomerInCohortType_False  Time elapsed: 5.112 s  <<< ERROR!
java.lang.RuntimeException: Error saving customer
	at com.cohortmgmt.integration.CohortControllerIntegrationTest.setup(CohortControllerIntegrationTest.java:53)
Caused by: com.amazonaws.SdkClientException: Unable to execute HTTP request: Connect to localhost:4566 [localhost/127.0.0.1, localhost/0:0:0:0:0:0:0:1] failed: Connection refused
	at com.cohortmgmt.integration.CohortControllerIntegrationTest.setup(CohortControllerIntegrationTest.java:53)
Caused by: org.apache.http.conn.HttpHostConnectException: Connect to localhost:4566 [localhost/127.0.0.1, localhost/0:0:0:0:0:0:0:1] failed: Connection refused
	at com.cohortmgmt.integration.CohortControllerIntegrationTest.setup(CohortControllerIntegrationTest.java:53)
Caused by: java.net.ConnectException: Connection refused
	at com.cohortmgmt.integration.CohortControllerIntegrationTest.setup(CohortControllerIntegrationTest.java:53)

testGetCustomerIdsByCohortType  Time elapsed: 11.078 s  <<< ERROR!
java.lang.RuntimeException: Error saving customer
	at com.cohortmgmt.integration.CohortControllerIntegrationTest.setup(CohortControllerIntegrationTest.java:53)
Caused by: com.amazonaws.SdkClientException: Unable to execute HTTP request: Connect to localhost:4566 [localhost/127.0.0.1, localhost/0:0:0:0:0:0:0:1] failed: Connection refused
	at com.cohortmgmt.integration.CohortControllerIntegrationTest.setup(CohortControllerIntegrationTest.java:53)
Caused by: org.apache.http.conn.HttpHostConnectException: Connect to localhost:4566 [localhost/127.0.0.1, localhost/0:0:0:0:0:0:0:1] failed: Connection refused
	at com.cohortmgmt.integration.CohortControllerIntegrationTest.setup(CohortControllerIntegrationTest.java:53)
Caused by: java.net.ConnectException: Connection refused
	at com.cohortmgmt.integration.CohortControllerIntegrationTest.setup(CohortControllerIntegrationTest.java:53)

testGetCustomerIdsByCohortType_Empty  Time elapsed: 19.014 s  <<< ERROR!
java.lang.RuntimeException: Error saving customer
	at com.cohortmgmt.integration.CohortControllerIntegrationTest.setup(CohortControllerIntegrationTest.java:53)
Caused by: com.amazonaws.SdkClientException: Unable to execute HTTP request: Connect to localhost:4566 [localhost/127.0.0.1, localhost/0:0:0:0:0:0:0:1] failed: Connection refused
	at com.cohortmgmt.integration.CohortControllerIntegrationTest.setup(CohortControllerIntegrationTest.java:53)
Caused by: org.apache.http.conn.HttpHostConnectException: Connect to localhost:4566 [localhost/127.0.0.1, localhost/0:0:0:0:0:0:0:1] failed: Connection refused
	at com.cohortmgmt.integration.CohortControllerIntegrationTest.setup(CohortControllerIntegrationTest.java:53)
Caused by: java.net.ConnectException: Connection refused
	at com.cohortmgmt.integration.CohortControllerIntegrationTest.setup(CohortControllerIntegrationTest.java:53)

testGetCustomerCohortTypes  Time elapsed: 15.72 s  <<< ERROR!
java.lang.RuntimeException: Error saving customer
	at com.cohortmgmt.integration.CohortControllerIntegrationTest.setup(CohortControllerIntegrationTest.java:53)
Caused by: com.amazonaws.SdkClientException: Unable to execute HTTP request: Connect to localhost:4566 [localhost/127.0.0.1, localhost/0:0:0:0:0:0:0:1] failed: Connection refused
	at com.cohortmgmt.integration.CohortControllerIntegrationTest.setup(CohortControllerIntegrationTest.java:53)
Caused by: org.apache.http.conn.HttpHostConnectException: Connect to localhost:4566 [localhost/127.0.0.1, localhost/0:0:0:0:0:0:0:1] failed: Connection refused
	at com.cohortmgmt.integration.CohortControllerIntegrationTest.setup(CohortControllerIntegrationTest.java:53)
Caused by: java.net.ConnectException: Connection refused
	at com.cohortmgmt.integration.CohortControllerIntegrationTest.setup(CohortControllerIntegrationTest.java:53)

